puz 2 has 2 states
2 max perms
answer =                    2
puz 2 has 2 states
2 max perms
rational answer =  2/1
puz 3 has 3 states
6 max perms
answer =       3.857142857143
puz 3 has 3 states
6 max perms
rational answer =  27/7
puz 4 has 5 states
12 max perms
answer =       5.779310344828
puz 4 has 5 states
12 max perms
rational answer =  838/145
puz 5 has 7 states
30 max perms
answer =       7.711981680697
puz 5 has 7 states
30 max perms
rational answer =  468125/60701
puz 6 has 11 states
120 max perms
answer =       9.655991483886
puz 6 has 11 states
120 max perms
rational answer =  31394023/3251248
puz 7 has 15 states
420 max perms
answer =       11.60814701567
puz 7 has 15 states
420 max perms
rational answer =  188825944546702015/16266674111883091
puz 8 has 22 states
1120 max perms
answer =       13.56628831292
puz 8 has 22 states
1120 max perms
rational answer =  6623581355912982518/488238286193835661
puz 9 has 30 states
3780 max perms
answer =        15.5290881562
puz 9 has 30 states
3780 max perms
rational answer =  8258709583786311661584156291/531821926742535532261019651
puz 10 has 42 states
12600 max perms
answer =       17.49562022597
puz 10 has 42 states
12600 max perms
rational answer =  615557172978307336871144615387/35183501072149588235067651584
puz 11 has 56 states
34650 max perms
answer =       19.46520517634
puz 11 has 56 states
34650 max perms
rational answer =  3911778741868074847960267287904318747088899937297357933/200962625691845595886215751061557152736356925564932833
puz 12 has 77 states
110880 max perms
answer =       21.43733276862
puz 12 has 77 states
110880 max perms
rational answer =  10500457193026094214357202658935970100092/489821066191294854701970076969128968133
puz 13 has 101 states
360360 max perms
answer =       23.41161084809
puz 13 has 101 states
360360 max perms
rational answer =  143495648239911736531899445477831242383532461108924279203025462578581660631937045927/6129251386034162926447386832513814160735069012134842626245510019450367680077782247
puz 14 has 135 states
1441440 max perms
answer =        25.3877314981
puz 14 has 135 states
1441440 max perms
rational answer =  25994898436963914122151820378676437607562456192183960782646492384474829335343/1023915761789611058804082608751706880664664187082910091932934355704934944768
puz 15 has 176 states
5405400 max perms
answer =       27.36544848099
puz 15 has 176 states
5405400 max perms
rational answer =  2234079806421139923374801288996933981454749476485298835981666428751932826938930708145033347595/81638706121940252863051262669164393425942216414039304047487131419882465328739969509952801503
